<?xml version="1.0" encoding="UTF-8"?>
<!-- Generated by org.testng.reporters.JUnitReportReporter -->
<testsuite skipped="0" hostname="DESKTOP-TD6L0N5" name="tests.GuestCheckoutTest" tests="3" failures="0" timestamp="31 Dec 2019 19:16:15 GMT" time="42.447" errors="0">
  <testcase name="UserCanSearchWithAutoSuggest" time="9.899" classname="tests.GuestCheckoutTest"/>
  <testcase name="addQunatity" time="7.230" classname="tests.GuestCheckoutTest"/>
  <testcase name="UserCanCheckoutProduct" time="25.318" classname="tests.GuestCheckoutTest"/>
</testsuite> <!-- tests.GuestCheckoutTest -->
