<?xml version="1.0" encoding="UTF-8"?>
<!-- Generated by org.testng.reporters.JUnitReportReporter -->
<testsuite skipped="0" hostname="DESKTOP-TD6L0N5" name="tests.AddProductToShoppingCartTest" tests="4" failures="0" timestamp="09 Jan 2020 15:29:30 GMT" time="12.174" errors="0">
  <testcase name="UserCanSearchWithAutoSuggest" time="5.699" classname="tests.AddProductToShoppingCartTest"/>
  <testcase name="UserCanAddProductToShoppingCart" time="3.361" classname="tests.AddProductToShoppingCartTest"/>
  <testcase name="addQunatity" time="2.015" classname="tests.AddProductToShoppingCartTest"/>
  <testcase name="UserCanRemoveProductFromCart" time="1.099" classname="tests.AddProductToShoppingCartTest"/>
</testsuite> <!-- tests.AddProductToShoppingCartTest -->
